11/26/2018 11:33:24 AM	This log contains information about the import schema operation into project 'L08_project' on computer 'EPUALVIW1692' by user 'Mariia_Zhydenko'.
11/26/2018 11:33:24 AM	Import of database schema has started.
11/26/2018 11:33:28 AM	Gathering database credentials
11/26/2018 11:33:28 AM	Gathering database options
11/26/2018 11:33:28 AM	Gathering generic database scoped configuration option
11/26/2018 11:33:28 AM	Gathering users
11/26/2018 11:33:28 AM	Gathering roles
11/26/2018 11:33:28 AM	Gathering application roles
11/26/2018 11:33:28 AM	Gathering role memberships
11/26/2018 11:33:28 AM	Gathering filegroups
11/26/2018 11:33:28 AM	Gathering full-text catalogs
11/26/2018 11:33:28 AM	Gathering assemblies
11/26/2018 11:33:28 AM	Gathering certificates
11/26/2018 11:33:28 AM	Gathering asymmetric keys
11/26/2018 11:33:28 AM	Gathering symmetric keys
11/26/2018 11:33:28 AM	Gathering encrypted symmetric keys
11/26/2018 11:33:28 AM	Gathering schemas
11/26/2018 11:33:28 AM	Gathering XML schema collections
11/26/2018 11:33:28 AM	Gathering user-defined data types
11/26/2018 11:33:28 AM	Gathering user-defined types
11/26/2018 11:33:28 AM	Gathering table types
11/26/2018 11:33:28 AM	Gathering unique keys for table types
11/26/2018 11:33:28 AM	Gathering primary keys for table types
11/26/2018 11:33:28 AM	Gathering indexes for table types
11/26/2018 11:33:28 AM	Gathering check constraints for table types
11/26/2018 11:33:28 AM	Gathering default constraints for table types
11/26/2018 11:33:28 AM	Gathering partition functions
11/26/2018 11:33:28 AM	Gathering partition schemes
11/26/2018 11:33:28 AM	Gathering functions
11/26/2018 11:33:28 AM	Gathering encrypted functions
11/26/2018 11:33:28 AM	Gathering aggregates
11/26/2018 11:33:28 AM	Gathering procedures
11/26/2018 11:33:28 AM	Gathering encrypted procedures
11/26/2018 11:33:28 AM	Gathering tables
11/26/2018 11:33:28 AM	Gathering primary keys
11/26/2018 11:33:28 AM	Gathering unique constraints
11/26/2018 11:33:28 AM	Gathering foreign keys
11/26/2018 11:33:28 AM	Gathering default constraints
11/26/2018 11:33:28 AM	Gathering check constraints
11/26/2018 11:33:28 AM	Gathering views
11/26/2018 11:33:28 AM	Gathering encrypted views
11/26/2018 11:33:28 AM	Gathering indexes
11/26/2018 11:33:28 AM	Gathering statistics
11/26/2018 11:33:28 AM	Gathering full-text index stoplists
11/26/2018 11:33:28 AM	Gathering search property lists
11/26/2018 11:33:28 AM	Gathering search properties
11/26/2018 11:33:28 AM	Gathering full-text indexes
11/26/2018 11:33:28 AM	Gathering column store indexes
11/26/2018 11:33:28 AM	Gathering spatial indexes
11/26/2018 11:33:28 AM	Gathering XML indexes
11/26/2018 11:33:28 AM	Gathering Selective XML indexes
11/26/2018 11:33:28 AM	Gathering encrypted triggers
11/26/2018 11:33:28 AM	Gathering triggers
11/26/2018 11:33:28 AM	Gathering encrypted and clr ddl triggers
11/26/2018 11:33:28 AM	Gathering ddl triggers
11/26/2018 11:33:28 AM	Gathering synonyms
11/26/2018 11:33:28 AM	Gathering defaults
11/26/2018 11:33:28 AM	Gathering data constraint uddt bindings
11/26/2018 11:33:28 AM	Gathering rules
11/26/2018 11:33:28 AM	Gathering data constraint uddt bindings
11/26/2018 11:33:28 AM	Gathering message types
11/26/2018 11:33:28 AM	Gathering queues
11/26/2018 11:33:28 AM	Gathering contracts
11/26/2018 11:33:28 AM	Gathering services
11/26/2018 11:33:28 AM	Gathering event notifications
11/26/2018 11:33:28 AM	Gathering remote service bindings
11/26/2018 11:33:28 AM	Gathering broker priorities
11/26/2018 11:33:28 AM	Gathering signatures
11/26/2018 11:33:28 AM	Gathering data compression options
11/26/2018 11:33:28 AM	Gathering sequence types
11/26/2018 11:33:28 AM	Gathering security policies
11/26/2018 11:33:28 AM	Gather column encryption keys
11/26/2018 11:33:28 AM	Gathering column master keys
11/26/2018 11:33:28 AM	Gathering external data sources
11/26/2018 11:33:28 AM	Gathering external file formats
11/26/2018 11:33:28 AM	Gathering external tables
11/26/2018 11:33:28 AM	Gathering extended properties
11/26/2018 11:33:28 AM	Gathering credentials
11/26/2018 11:33:28 AM	Gathering logins
11/26/2018 11:33:28 AM	Gathering server audits
11/26/2018 11:33:28 AM	Scanning project for duplicate elements
11/26/2018 11:33:28 AM	Finished duplicate element processing
11/26/2018 11:33:28 AM	Finished importing database.
11/26/2018 11:33:28 AM	A summary of the import was saved to the following location: C:\Users\mariia_zhydenko\Desktop\home\L08_repo\L08_project\L08_project\Import Schema Logs\L08_project_20181126093324.log
11/26/2018 11:33:28 AM	Click Finish to continue...
